0 info it worked if it ends with ok
1 verbose cli [ 'C:\\Program Files\\nodejs\\node.exe',
1 verbose cli   'C:\\Users\\ltth-one\'s\\AppData\\Roaming\\npm\\node_modules\\cnpm\\node_modules\\npm\\bin\\npm-cli.js',
1 verbose cli   '--userconfig=C:\\Users\\ltth-one\'s\\.cnpmrc',
1 verbose cli   '--disturl=https://npm.taobao.org/mirrors/node',
1 verbose cli   '--registry=https://registry.npm.taobao.org',
1 verbose cli   'start' ]
2 info using npm@3.10.5
3 info using node@v6.3.0
4 verbose run-script [ 'prestart', 'start', 'poststart' ]
5 info lifecycle kitchen@1.0.0~prestart: kitchen@1.0.0
6 silly lifecycle kitchen@1.0.0~prestart: no script for prestart, continuing
7 info lifecycle kitchen@1.0.0~start: kitchen@1.0.0
8 verbose lifecycle kitchen@1.0.0~start: unsafe-perm in lifecycle true
9 verbose lifecycle kitchen@1.0.0~start: PATH: C:\Users\ltth-one's\AppData\Roaming\npm\node_modules\cnpm\node_modules\npm\bin\node-gyp-bin;F:\xuchang2016\github\intelligentKitchen\node_modules\.bin;C:\Program Files\nodejs;C:\Users\ltth-one's\AppData\Local\GitHub\PortableGit_d76a6a98c9315931ec4927243517bc09e9b731a0\cmd;C:\Users\ltth-one's\AppData\Local\GitHub\PortableGit_d76a6a98c9315931ec4927243517bc09e9b731a0\usr\bin;C:\Users\ltth-one's\AppData\Local\GitHub\PortableGit_d76a6a98c9315931ec4927243517bc09e9b731a0\usr\share\git-tfs;C:\Users\ltth-one's\AppData\Local\Apps\2.0\8DQGQ05M.1JA\17X0PDL8.8XO\gith..tion_317444273a93ac29_0003.0001_cbe40ecbe3e419d4;C:\Users\ltth-one's\AppData\Local\GitHub\lfs-amd64_1.2.0;C:\ProgramData\Oracle\Java\javapath;C:\Program Files (x86)\Intel\iCLS Client\;C:\Program Files\Intel\iCLS Client\;C:\Program Files\Broadcom\Broadcom 802.11 Network Adapter\Driver;C:\WINDOWS\system32;C:\WINDOWS;C:\WINDOWS\System32\Wbem;C:\WINDOWS\System32\WindowsPowerShell\v1.0\;C:\Program Files\Intel\Intel(R) Management Engine Components\DAL;C:\Program Files\Intel\Intel(R) Management Engine Components\IPT;C:\Program Files (x86)\Intel\Intel(R) Management Engine Components\DAL;C:\Program Files (x86)\Intel\Intel(R) Management Engine Components\IPT;C:\Program Files\Lenovo\Bluetooth Software\;C:\Program Files\Lenovo\Bluetooth Software\syswow64;C:\Program Files (x86)\NVIDIA Corporation\PhysX\Common;C:\Program Files\nodejs\;F:\xuchang2016\wamp\wamp\bin\mysql\mysql5.6.17\bin;C:\Program Files\TortoiseSVN\bin;C:\Ruby23-x64\bin;E:\less.js-windows-v2.6.1;G:\android\sdk\platform-tools;G:\android\sdk\tools;C:\Program Files\Java\jdk1.8.0_101\bin;C:\Users\ltth-one's\AppData\Local\Programs\Python\Python36-32\Scripts\;C:\Users\ltth-one's\AppData\Local\Programs\Python\Python36-32\;C:\Ruby23-x64\bin;C:\Users\ltth-one's\AppData\Roaming\npm;C:\Windows\Microsoft.NET\Framework\v4.0.30319\
10 verbose lifecycle kitchen@1.0.0~start: CWD: F:\xuchang2016\github\intelligentKitchen
11 silly lifecycle kitchen@1.0.0~start: Args: [ '/d /s /c', 'webpack-dev-server --hot --inline --port 4000 ' ]
12 silly lifecycle kitchen@1.0.0~start: Returned: code: 1  signal: null
13 info lifecycle kitchen@1.0.0~start: Failed to exec start script
14 verbose stack Error: kitchen@1.0.0 start: `webpack-dev-server --hot --inline --port 4000 `
14 verbose stack Exit status 1
14 verbose stack     at EventEmitter.<anonymous> (C:\Users\ltth-one's\AppData\Roaming\npm\node_modules\cnpm\node_modules\npm\lib\utils\lifecycle.js:242:16)
14 verbose stack     at emitTwo (events.js:106:13)
14 verbose stack     at EventEmitter.emit (events.js:191:7)
14 verbose stack     at ChildProcess.<anonymous> (C:\Users\ltth-one's\AppData\Roaming\npm\node_modules\cnpm\node_modules\npm\lib\utils\spawn.js:40:14)
14 verbose stack     at emitTwo (events.js:106:13)
14 verbose stack     at ChildProcess.emit (events.js:191:7)
14 verbose stack     at maybeClose (internal/child_process.js:852:16)
14 verbose stack     at Process.ChildProcess._handle.onexit (internal/child_process.js:215:5)
15 verbose pkgid kitchen@1.0.0
16 verbose cwd F:\xuchang2016\github\intelligentKitchen
17 error Windows_NT 10.0.10586
18 error argv "C:\\Program Files\\nodejs\\node.exe" "C:\\Users\\ltth-one's\\AppData\\Roaming\\npm\\node_modules\\cnpm\\node_modules\\npm\\bin\\npm-cli.js" "--userconfig=C:\\Users\\ltth-one's\\.cnpmrc" "--disturl=https://npm.taobao.org/mirrors/node" "--registry=https://registry.npm.taobao.org" "start"
19 error node v6.3.0
20 error npm  v3.10.5
21 error code ELIFECYCLE
22 error kitchen@1.0.0 start: `webpack-dev-server --hot --inline --port 4000 `
22 error Exit status 1
23 error Failed at the kitchen@1.0.0 start script 'webpack-dev-server --hot --inline --port 4000 '.
23 error Make sure you have the latest version of node.js and npm installed.
23 error If you do, this is most likely a problem with the kitchen package,
23 error not with npm itself.
23 error Tell the author that this fails on your system:
23 error     webpack-dev-server --hot --inline --port 4000
23 error You can get information on how to open an issue for this project with:
23 error     npm bugs kitchen
23 error Or if that isn't available, you can get their info via:
23 error     npm owner ls kitchen
23 error There is likely additional logging output above.
24 verbose exit [ 1, true ]
